0 info it worked if it ends with ok
1 verbose cli [ 'C:\\Program Files\\nodejs\\node.exe',
1 verbose cli   'C:\\Program Files\\nodejs\\node_modules\\npm\\bin\\npm-cli.js',
1 verbose cli   'run',
1 verbose cli   'start' ]
2 info using npm@3.10.10
3 info using node@v6.14.4
4 verbose run-script [ 'prestart', 'start', 'poststart' ]
5 info lifecycle mlh-frontend@0.0.1~prestart: mlh-frontend@0.0.1
6 silly lifecycle mlh-frontend@0.0.1~prestart: no script for prestart, continuing
7 info lifecycle mlh-frontend@0.0.1~start: mlh-frontend@0.0.1
8 verbose lifecycle mlh-frontend@0.0.1~start: unsafe-perm in lifecycle true
9 verbose lifecycle mlh-frontend@0.0.1~start: PATH: C:\Users\Administrator\AppData\Roaming\nvm\v6.14.4\node_modules\npm\bin\node-gyp-bin;D:\upwork\smartcontract\millionlumenhomepage.art\mlh-frontend\node_modules\.bin;C:\Users\Administrator\.pyenv\pyenv-win\bin;C:\Users\Administrator\.pyenv\pyenv-win\shims;C:\Program Files\Common Files\Oracle\Java\javapath;C:\Program Files\Microsoft MPI\Bin\;C:\Program Files (x86)\VMware\VMware Workstation\bin\;C:\Ruby31-x64\bin;C:\Program Files\Microsoft\jdk-11.0.16.101-hotspot\bin;C:\Windows\system32;C:\Windows;C:\Windows\System32\Wbem;C:\Windows\System32\WindowsPowerShell\v1.0\;C:\Windows\System32\OpenSSH\;C:\Program Files\GitHub CLI\;C:\Program Files\Git\cmd;C:\Program Files (x86)\GnuWin32\bin;C:\Program Files\Microsoft SQL Server\Client SDK\ODBC\170\Tools\Binn\;C:\Program Files\Microsoft SQL Server\150\Tools\Binn\;C:\Program Files\Go\bin;C:\Program Files\Git\usr\bin;C:\Program Files\Docker\Docker\resources\bin;C:\Users\Administrator\AppData\Roaming\nvm;C:\Program Files\nodejs;D:\visualstudio2022\VC\Tools\MSVC\14.36.32532\bin\Hostx64\x86;D:\GIT\watchman;C:\Program Files (x86)\Microsoft SQL Server\160\DTS\Binn\;C:\Program Files\Azure Data Studio\bin;C:\Program Files (x86)\Microsoft SQL;C:\xampp\php;C:\Program Files\Microsoft Visual Studio\2022\Enterprise\VC\Tools\MSVC\14.37.32822\bin\Hostx86\x86;C:\Users\Administrator\.cargo\bin;C:\Users\Administrator\AppData\Local\Programs\Python\Python38\Scripts\;C:\Users\Administrator\AppData\Local\Programs\Python\Python38\;C:\Users\Administrator\AppData\Local\Microsoft\WindowsApps;C:\Users\Administrator\AppData\Local\Programs\Microsoft VS Code\bin;C:\Users\Administrator\AppData\Roaming\npm;C:\Users\Administrator\go\bin;C:\Program Files\JetBrains\GoLand 2023.2\bin;;C:\Program Files\JetBrains\IntelliJ IDEA 2023.2\bin;;C:\Users\Administrator\AppData\Roaming\nvm;C:\Program Files\nodejs;C:\Program Files\Azure Data Studio\bin;C:\Users\Administrator\.dotnet\tools;
10 verbose lifecycle mlh-frontend@0.0.1~start: CWD: D:\upwork\smartcontract\millionlumenhomepage.art\mlh-frontend
11 silly lifecycle mlh-frontend@0.0.1~start: Args: [ '/d /s /c', 'astro dev' ]
12 silly lifecycle mlh-frontend@0.0.1~start: Returned: code: 1  signal: null
13 info lifecycle mlh-frontend@0.0.1~start: Failed to exec start script
14 verbose stack Error: mlh-frontend@0.0.1 start: `astro dev`
14 verbose stack Exit status 1
14 verbose stack     at EventEmitter.<anonymous> (C:\Users\Administrator\AppData\Roaming\nvm\v6.14.4\node_modules\npm\lib\utils\lifecycle.js:255:16)
14 verbose stack     at emitTwo (events.js:106:13)
14 verbose stack     at EventEmitter.emit (events.js:191:7)
14 verbose stack     at ChildProcess.<anonymous> (C:\Users\Administrator\AppData\Roaming\nvm\v6.14.4\node_modules\npm\lib\utils\spawn.js:40:14)
14 verbose stack     at emitTwo (events.js:106:13)
14 verbose stack     at ChildProcess.emit (events.js:191:7)
14 verbose stack     at maybeClose (internal/child_process.js:920:16)
14 verbose stack     at Process.ChildProcess._handle.onexit (internal/child_process.js:230:5)
15 verbose pkgid mlh-frontend@0.0.1
16 verbose cwd D:\upwork\smartcontract\millionlumenhomepage.art\mlh-frontend
17 error Windows_NT 10.0.19045
18 error argv "C:\\Program Files\\nodejs\\node.exe" "C:\\Program Files\\nodejs\\node_modules\\npm\\bin\\npm-cli.js" "run" "start"
19 error node v6.14.4
20 error npm  v3.10.10
21 error code ELIFECYCLE
22 error mlh-frontend@0.0.1 start: `astro dev`
22 error Exit status 1
23 error Failed at the mlh-frontend@0.0.1 start script 'astro dev'.
23 error Make sure you have the latest version of node.js and npm installed.
23 error If you do, this is most likely a problem with the mlh-frontend package,
23 error not with npm itself.
23 error Tell the author that this fails on your system:
23 error     astro dev
23 error You can get information on how to open an issue for this project with:
23 error     npm bugs mlh-frontend
23 error Or if that isn't available, you can get their info via:
23 error     npm owner ls mlh-frontend
23 error There is likely additional logging output above.
24 verbose exit [ 1, true ]
